<?xml version="1.0" encoding="UTF-8"?>
<!-- Generated by org.testng.reporters.JUnitReportReporter -->
<testsuite hostname="Indresh-Raja" failures="0" tests="1" name="computers.TC_DWS_002_Test" time="4.716" errors="0" timestamp="2025-05-11T12:27:35 IST" skipped="0">
  <testcase classname="computers.TC_DWS_002_Test" name="clickOnComputers" time="4.716">
    <system-out>
      <![CDATA[Computers page is displayed]]>
    </system-out>
  </testcase> <!-- clickOnComputers -->
  <system-out>
    <![CDATA[Computers page is displayed]]>
  </system-out>
</testsuite> <!-- computers.TC_DWS_002_Test -->
