<?xml version="1.0" encoding="UTF-8"?>
<!-- Generated by org.testng.reporters.JUnitReportReporter -->
<testsuite hostname="Indresh-Raja" failures="0" tests="1" name="GiftCards.TC_DWS_003_Test" time="2.344" errors="0" timestamp="2025-05-11T12:35:41 IST" skipped="0">
  <testcase classname="GiftCards.TC_DWS_003_Test" name="clickOnElectronics" time="2.344">
    <system-out>
      <![CDATA[Gift Cards page is displayed]]>
    </system-out>
  </testcase> <!-- clickOnElectronics -->
  <system-out>
    <![CDATA[Gift Cards page is displayed]]>
  </system-out>
</testsuite> <!-- GiftCards.TC_DWS_003_Test -->
