<?xml version="1.0" encoding="UTF-8"?>
<!-- Generated by org.testng.reporters.JUnitReportReporter -->
<testsuite hostname="Indresh-Raja" failures="0" tests="1" name="books.TC_DMSWS_001_Test" time="4.745" errors="0" timestamp="2025-05-11T12:23:14 IST" skipped="0">
  <testcase classname="books.TC_DMSWS_001_Test" name="clickOnBooks" time="4.745">
    <system-out>
      <![CDATA[Books page is displayed]]>
    </system-out>
  </testcase> <!-- clickOnBooks -->
  <system-out>
    <![CDATA[Books page is displayed]]>
  </system-out>
</testsuite> <!-- books.TC_DMSWS_001_Test -->
