<?xml version="1.0" encoding="UTF-8"?>
<!-- Generated by org.testng.reporters.JUnitReportReporter -->
<testsuite hostname="Indresh-Raja" failures="0" tests="1" name="Electronics.TC_DWS_003_Test" time="4.564" errors="0" timestamp="2025-05-11T12:30:49 IST" skipped="0">
  <testcase classname="Electronics.TC_DWS_003_Test" name="clickOnElectronics" time="4.564">
    <system-out>
      <![CDATA[Electronics page is displayed]]>
    </system-out>
  </testcase> <!-- clickOnElectronics -->
  <system-out>
    <![CDATA[Electronics page is displayed]]>
  </system-out>
</testsuite> <!-- Electronics.TC_DWS_003_Test -->
